<?xml version="1.0" encoding="UTF-8"?>
<testsuite name="com.co.portfolio_api.PortfolioApiApplicationTests" tests="1" skipped="0" failures="0" errors="0" timestamp="2023-10-12T08:47:36" hostname="DESKTOP-FHLQ1OE" time="0.342">
  <properties/>
  <testcase name="contextLoads()" classname="com.co.portfolio_api.PortfolioApiApplicationTests" time="0.342"/>
  <system-out><![CDATA[17:47:34.445 [Test worker] DEBUG org.springframework.test.context.BootstrapUtils - Instantiating CacheAwareContextLoaderDelegate from class [org.springframework.test.context.cache.DefaultCacheAwareContextLoaderDelegate]
17:47:34.453 [Test worker] DEBUG org.springframework.test.context.BootstrapUtils - Instantiating BootstrapContext using constructor [public org.springframework.test.context.support.DefaultBootstrapContext(java.lang.Class,org.springframework.test.context.CacheAwareContextLoaderDelegate)]
17:47:34.476 [Test worker] DEBUG org.springframework.test.context.BootstrapUtils - Instantiating TestContextBootstrapper for test class [com.co.portfolio_api.PortfolioApiApplicationTests] from class [org.springframework.boot.test.context.SpringBootTestContextBootstrapper]
17:47:34.482 [Test worker] INFO org.springframework.boot.test.context.SpringBootTestContextBootstrapper - Neither @ContextConfiguration nor @ContextHierarchy found for test class [com.co.portfolio_api.PortfolioApiApplicationTests], using SpringBootContextLoader
17:47:34.485 [Test worker] DEBUG org.springframework.test.context.support.AbstractContextLoader - Did not detect default resource location for test class [com.co.portfolio_api.PortfolioApiApplicationTests]: class path resource [com/co/portfolio_api/PortfolioApiApplicationTests-context.xml] does not exist
17:47:34.485 [Test worker] DEBUG org.springframework.test.context.support.AbstractContextLoader - Did not detect default resource location for test class [com.co.portfolio_api.PortfolioApiApplicationTests]: class path resource [com/co/portfolio_api/PortfolioApiApplicationTestsContext.groovy] does not exist
17:47:34.485 [Test worker] INFO org.springframework.test.context.support.AbstractContextLoader - Could not detect default resource locations for test class [com.co.portfolio_api.PortfolioApiApplicationTests]: no resource found for suffixes {-context.xml, Context.groovy}.
17:47:34.485 [Test worker] INFO org.springframework.test.context.support.AnnotationConfigContextLoaderUtils - Could not detect default configuration classes for test class [com.co.portfolio_api.PortfolioApiApplicationTests]: PortfolioApiApplicationTests does not declare any static, non-private, non-final, nested classes annotated with @Configuration.
17:47:34.511 [Test worker] DEBUG org.springframework.test.context.support.ActiveProfilesUtils - Could not find an 'annotation declaring class' for annotation type [org.springframework.test.context.ActiveProfiles] and class [com.co.portfolio_api.PortfolioApiApplicationTests]
17:47:34.556 [Test worker] DEBUG org.springframework.context.annotation.ClassPathScanningCandidateComponentProvider - Identified candidate component class: file [C:\Users\kuhj1\IdeaProjects\portfolio_api\build\classes\java\main\com\co\portfolio_api\PortfolioApiApplication.class]
17:47:34.557 [Test worker] INFO org.springframework.boot.test.context.SpringBootTestContextBootstrapper - Found @SpringBootConfiguration com.co.portfolio_api.PortfolioApiApplication for test class com.co.portfolio_api.PortfolioApiApplicationTests
17:47:34.636 [Test worker] DEBUG org.springframework.boot.test.context.SpringBootTestContextBootstrapper - @TestExecutionListeners is not present for class [com.co.portfolio_api.PortfolioApiApplicationTests]: using defaults.
17:47:34.636 [Test worker] INFO org.springframework.boot.test.context.SpringBootTestContextBootstrapper - Loaded default TestExecutionListener class names from location [META-INF/spring.factories]: [org.springframework.boot.test.autoconfigure.restdocs.RestDocsTestExecutionListener, org.springframework.boot.test.autoconfigure.web.client.MockRestServiceServerResetTestExecutionListener, org.springframework.boot.test.autoconfigure.web.servlet.MockMvcPrintOnlyOnFailureTestExecutionListener, org.springframework.boot.test.autoconfigure.web.servlet.WebDriverTestExecutionListener, org.springframework.boot.test.autoconfigure.webservices.client.MockWebServiceServerTestExecutionListener, org.springframework.boot.test.mock.mockito.MockitoTestExecutionListener, org.springframework.boot.test.mock.mockito.ResetMocksTestExecutionListener, org.springframework.test.context.web.ServletTestExecutionListener, org.springframework.test.context.support.DirtiesContextBeforeModesTestExecutionListener, org.springframework.test.context.event.ApplicationEventsTestExecutionListener, org.springframework.test.context.support.DependencyInjectionTestExecutionListener, org.springframework.test.context.support.DirtiesContextTestExecutionListener, org.springframework.test.context.transaction.TransactionalTestExecutionListener, org.springframework.test.context.jdbc.SqlScriptsTestExecutionListener, org.springframework.test.context.event.EventPublishingTestExecutionListener]
17:47:34.645 [Test worker] DEBUG org.springframework.boot.test.context.SpringBootTestContextBootstrapper - Skipping candidate TestExecutionListener [org.springframework.test.context.transaction.TransactionalTestExecutionListener] due to a missing dependency. Specify custom listener classes or make the default listener classes and their required dependencies available. Offending class: [org/springframework/transaction/interceptor/TransactionAttributeSource]
17:47:34.646 [Test worker] DEBUG org.springframework.boot.test.context.SpringBootTestContextBootstrapper - Skipping candidate TestExecutionListener [org.springframework.test.context.jdbc.SqlScriptsTestExecutionListener] due to a missing dependency. Specify custom listener classes or make the default listener classes and their required dependencies available. Offending class: [org/springframework/transaction/interceptor/TransactionAttribute]
17:47:34.646 [Test worker] INFO org.springframework.boot.test.context.SpringBootTestContextBootstrapper - Using TestExecutionListeners: [org.springframework.test.context.web.ServletTestExecutionListener@403132fc, org.springframework.test.context.support.DirtiesContextBeforeModesTestExecutionListener@71c5b236, org.springframework.test.context.event.ApplicationEventsTestExecutionListener@2cab9998, org.springframework.boot.test.mock.mockito.MockitoTestExecutionListener@2f7a7219, org.springframework.boot.test.autoconfigure.SpringBootDependencyInjectionTestExecutionListener@669513d8, org.springframework.test.context.support.DirtiesContextTestExecutionListener@3a1d593e, org.springframework.test.context.event.EventPublishingTestExecutionListener@4a8a60bc, org.springframework.boot.test.autoconfigure.restdocs.RestDocsTestExecutionListener@361c294e, org.springframework.boot.test.autoconfigure.web.client.MockRestServiceServerResetTestExecutionListener@7859e786, org.springframework.boot.test.autoconfigure.web.servlet.MockMvcPrintOnlyOnFailureTestExecutionListener@285d851a, org.springframework.boot.test.autoconfigure.web.servlet.WebDriverTestExecutionListener@314b8f2d, org.springframework.boot.test.autoconfigure.webservices.client.MockWebServiceServerTestExecutionListener@664a9613, org.springframework.boot.test.mock.mockito.ResetMocksTestExecutionListener@5118388b]
17:47:34.649 [Test worker] DEBUG org.springframework.test.context.support.AbstractDirtiesContextTestExecutionListener - Before test class: context [DefaultTestContext@33617539 testClass = PortfolioApiApplicationTests, testInstance = [null], testMethod = [null], testException = [null], mergedContextConfiguration = [WebMergedContextConfiguration@2c177f9e testClass = PortfolioApiApplicationTests, locations = '{}', classes = '{class com.co.portfolio_api.PortfolioApiApplication}', contextInitializerClasses = '[]', activeProfiles = '{}', propertySourceLocations = '{}', propertySourceProperties = '{org.springframework.boot.test.context.SpringBootTestContextBootstrapper=true}', contextCustomizers = set[org.springframework.boot.test.autoconfigure.actuate.metrics.MetricsExportContextCustomizerFactory$DisableMetricExportContextCustomizer@6ee6f53, org.springframework.boot.test.autoconfigure.properties.PropertyMappingContextCustomizer@0, org.springframework.boot.test.autoconfigure.web.servlet.WebDriverContextCustomizerFactory$Customizer@331acdad, org.springframework.boot.test.context.filter.ExcludeFilterContextCustomizer@a22cb6a, org.springframework.boot.test.json.DuplicateJsonObjectContextCustomizerFactory$DuplicateJsonObjectContextCustomizer@6187d1f5, org.springframework.boot.test.mock.mockito.MockitoContextCustomizer@0, org.springframework.boot.test.web.client.TestRestTemplateContextCustomizer@50468873, org.springframework.boot.test.context.SpringBootTestArgs@1, org.springframework.boot.test.context.SpringBootTestWebEnvironment@7c24b813], resourceBasePath = 'src/main/webapp', contextLoader = 'org.springframework.boot.test.context.SpringBootContextLoader', parent = [null]], attributes = map['org.springframework.test.context.web.ServletTestExecutionListener.activateListener' -> true]], class annotated with @DirtiesContext [false] with mode [null].

  .   ____          _            __ _ _
 /\\ / ___'_ __ _ _(_)_ __  __ _ \ \ \ \
( ( )\___ | '_ | '_| | '_ \/ _` | \ \ \ \
 \\/  ___)| |_)| | | | | || (_| |  ) ) ) )
  '  |____| .__|_| |_|_| |_\__, | / / / /
 =========|_|==============|___/=/_/_/_/
 :: Spring Boot ::                (v2.7.7)

2023-10-12 17:47:34.997  INFO 14932 --- [    Test worker] c.c.p.PortfolioApiApplicationTests       : Starting PortfolioApiApplicationTests using Java 17.0.4 on DESKTOP-FHLQ1OE with PID 14932 (started by kuhj1 in C:\Users\kuhj1\IdeaProjects\portfolio_api)
2023-10-12 17:47:34.998  INFO 14932 --- [    Test worker] c.c.p.PortfolioApiApplicationTests       : No active profile set, falling back to 1 default profile: "default"
2023-10-12 17:47:35.591  INFO 14932 --- [    Test worker] o.s.cloud.context.scope.GenericScope     : BeanFactory id=967b5fd2-6da8-34e1-b933-d11bd8f2e3ac
2023-10-12 17:47:36.493  INFO 14932 --- [    Test worker] o.s.c.f.web.mvc.FunctionHandlerMapping   : FunctionCatalog: org.springframework.cloud.function.context.catalog.BeanFactoryAwareFunctionRegistry@756808cc
2023-10-12 17:47:36.521  INFO 14932 --- [    Test worker] c.c.p.PortfolioApiApplicationTests       : Started PortfolioApiApplicationTests in 1.84 seconds (JVM running for 2.668)
]]></system-out>
  <system-err><![CDATA[]]></system-err>
</testsuite>
